KEYWORD -> burman
IDENT -> privet
OPERATOR -> =
DIGIT -> 5
KEYWORD -> burman
IDENT -> bool
OPERATOR -> =
BOOL -> serega
KEYWORD -> dickpik
IDENT -> privet
KEYWORD -> cockpik
IDENT -> bool
KEYWORD -> fuck
KEYWORD -> arslan
IDENT -> add
SYMBOL -> (
IDENT -> a
SYMBOL -> ,
IDENT -> b
SYMBOL -> )
SYMBOL -> {
IDENT -> tuhum
IDENT -> a
OPERATOR -> +
IDENT -> b
SYMBOL -> }
KEYWORD -> burman
IDENT -> sum
OPERATOR -> =
IDENT -> add
SYMBOL -> (
DIGIT -> 5
SYMBOL -> ,
DIGIT -> 5
SYMBOL -> )
KEYWORD -> dickpik
IDENT -> sum
